Collecting uvicorn
  Downloading uvicorn-0.40.0-py3-none-any.whl (68 kB)
     ━━━━━━━━━━━━━━━━━━━━━━━━━━━━━━━━━━━━━━━━ 68.5/68.5 KB 2.7 MB/s eta 0:00:00
Collecting websockets
  Downloading websockets-15.0.1-cp310-cp310-manylinux_2_5_x86_64.manylinux1_x86_64.manylinux_2_17_x86_64.manylinux2014_x86_64.whl (181 kB)
     ━━━━━━━━━━━━━━━━━━━━━━━━━━━━━━━━━━━━━━━━ 181.6/181.6 KB 5.1 MB/s eta 0:00:00
Collecting flask-cors
  Downloading flask_cors-6.0.2-py3-none-any.whl (13 kB)
Collecting python-socketio
  Using cached python_socketio-5.16.0-py3-none-any.whl (79 kB)
Collecting eventlet
  Using cached eventlet-0.40.4-py3-none-any.whl (364 kB)
Requirement already satisfied: typing-extensions>=4.0 in ./venv/lib/python3.10/site-packages (from uvicorn) (4.15.0)
Collecting h11>=0.8
  Using cached h11-0.16.0-py3-none-any.whl (37 kB)
Requirement already satisfied: click>=7.0 in ./venv/lib/python3.10/site-packages (from uvicorn) (8.3.1)
Requirement already satisfied: Werkzeug>=0.7 in ./venv/lib/python3.10/site-packages (from flask-cors) (3.1.5)
Requirement already satisfied: flask>=0.9 in ./venv/lib/python3.10/site-packages (from flask-cors) (3.1.2)
Collecting python-engineio>=4.11.0
  Using cached python_engineio-4.13.0-py3-none-any.whl (59 kB)
Collecting bidict>=0.21.0
  Using cached bidict-0.23.1-py3-none-any.whl (32 kB)
Collecting greenlet>=1.0
  Using cached greenlet-3.3.0-cp310-cp310-manylinux_2_24_x86_64.manylinux_2_28_x86_64.whl (586 kB)
Collecting dnspython>=1.15.0
  Using cached dnspython-2.8.0-py3-none-any.whl (331 kB)
Requirement already satisfied: markupsafe>=2.1.1 in ./venv/lib/python3.10/site-packages (from flask>=0.9->flask-cors) (3.0.3)
Requirement already satisfied: jinja2>=3.1.2 in ./venv/lib/python3.10/site-packages (from flask>=0.9->flask-cors) (3.1.6)
Requirement already satisfied: itsdangerous>=2.2.0 in ./venv/lib/python3.10/site-packages (from flask>=0.9->flask-cors) (2.2.0)
Requirement already satisfied: blinker>=1.9.0 in ./venv/lib/python3.10/site-packages (from flask>=0.9->flask-cors) (1.9.0)
Collecting simple-websocket>=0.10.0
  Using cached simple_websocket-1.1.0-py3-none-any.whl (13 kB)
Collecting wsproto
  Using cached wsproto-1.3.2-py3-none-any.whl (24 kB)
Installing collected packages: websockets, h11, greenlet, dnspython, bidict, wsproto, uvicorn, eventlet, simple-websocket, flask-cors, python-engineio, python-socketio
Successfully installed bidict-0.23.1 dnspython-2.8.0 eventlet-0.40.4 flask-cors-6.0.2 greenlet-3.3.0 h11-0.16.0 python-engineio-4.13.0 python-socketio-5.16.0 simple-websocket-1.1.0 uvicorn-0.40.0 websockets-15.0.1 wsproto-1.3.2
