Requirement already satisfied: uvicorn in ./venv/lib/python3.10/site-packages (0.40.0)
Requirement already satisfied: websockets in ./venv/lib/python3.10/site-packages (15.0.1)
Requirement already satisfied: flask-cors in ./venv/lib/python3.10/site-packages (6.0.2)
Requirement already satisfied: python-socketio in ./venv/lib/python3.10/site-packages (5.16.0)
Requirement already satisfied: eventlet in ./venv/lib/python3.10/site-packages (0.40.4)
Requirement already satisfied: fastapi in ./venv/lib/python3.10/site-packages (0.128.0)
Requirement already satisfied: flask in ./venv/lib/python3.10/site-packages (3.1.2)
Requirement already satisfied: psutil in ./venv/lib/python3.10/site-packages (7.2.1)
Requirement already satisfied: requests in ./venv/lib/python3.10/site-packages (2.32.5)
Requirement already satisfied: h11>=0.8 in ./venv/lib/python3.10/site-packages (from uvicorn) (0.16.0)
Requirement already satisfied: click>=7.0 in ./venv/lib/python3.10/site-packages (from uvicorn) (8.3.1)
Requirement already satisfied: typing-extensions>=4.0 in ./venv/lib/python3.10/site-packages (from uvicorn) (4.15.0)
Requirement already satisfied: Werkzeug>=0.7 in ./venv/lib/python3.10/site-packages (from flask-cors) (3.1.5)
Requirement already satisfied: bidict>=0.21.0 in ./venv/lib/python3.10/site-packages (from python-socketio) (0.23.1)
Requirement already satisfied: python-engineio>=4.11.0 in ./venv/lib/python3.10/site-packages (from python-socketio) (4.13.0)
Requirement already satisfied: greenlet>=1.0 in ./venv/lib/python3.10/site-packages (from eventlet) (3.3.0)
Requirement already satisfied: dnspython>=1.15.0 in ./venv/lib/python3.10/site-packages (from eventlet) (2.8.0)
Requirement already satisfied: pydantic>=2.7.0 in ./venv/lib/python3.10/site-packages (from fastapi) (2.12.5)
Requirement already satisfied: annotated-doc>=0.0.2 in ./venv/lib/python3.10/site-packages (from fastapi) (0.0.4)
Requirement already satisfied: starlette<0.51.0,>=0.40.0 in ./venv/lib/python3.10/site-packages (from fastapi) (0.50.0)
Requirement already satisfied: jinja2>=3.1.2 in ./venv/lib/python3.10/site-packages (from flask) (3.1.6)
Requirement already satisfied: blinker>=1.9.0 in ./venv/lib/python3.10/site-packages (from flask) (1.9.0)
Requirement already satisfied: itsdangerous>=2.2.0 in ./venv/lib/python3.10/site-packages (from flask) (2.2.0)
Requirement already satisfied: markupsafe>=2.1.1 in ./venv/lib/python3.10/site-packages (from flask) (3.0.3)
Requirement already satisfied: charset_normalizer<4,>=2 in ./venv/lib/python3.10/site-packages (from requests) (3.4.4)
Requirement already satisfied: urllib3<3,>=1.21.1 in ./venv/lib/python3.10/site-packages (from requests) (2.6.3)
Requirement already satisfied: idna<4,>=2.5 in ./venv/lib/python3.10/site-packages (from requests) (3.11)
Requirement already satisfied: certifi>=2017.4.17 in ./venv/lib/python3.10/site-packages (from requests) (2026.1.4)
Requirement already satisfied: annotated-types>=0.6.0 in ./venv/lib/python3.10/site-packages (from pydantic>=2.7.0->fastapi) (0.7.0)
Requirement already satisfied: pydantic-core==2.41.5 in ./venv/lib/python3.10/site-packages (from pydantic>=2.7.0->fastapi) (2.41.5)
Requirement already satisfied: typing-inspection>=0.4.2 in ./venv/lib/python3.10/site-packages (from pydantic>=2.7.0->fastapi) (0.4.2)
Requirement already satisfied: simple-websocket>=0.10.0 in ./venv/lib/python3.10/site-packages (from python-engineio>=4.11.0->python-socketio) (1.1.0)
Requirement already satisfied: anyio<5,>=3.6.2 in ./venv/lib/python3.10/site-packages (from starlette<0.51.0,>=0.40.0->fastapi) (4.12.1)
Requirement already satisfied: exceptiongroup>=1.0.2 in ./venv/lib/python3.10/site-packages (from anyio<5,>=3.6.2->starlette<0.51.0,>=0.40.0->fastapi) (1.3.1)
Requirement already satisfied: wsproto in ./venv/lib/python3.10/site-packages (from simple-websocket>=0.10.0->python-engineio>=4.11.0->python-socketio) (1.3.2)
