Requirement already satisfied: flask in /root/.local/lib/python3.10/site-packages (3.1.2)
Requirement already satisfied: fastapi in /usr/local/lib/python3.10/dist-packages (0.124.4)
Requirement already satisfied: uvicorn in /usr/local/lib/python3.10/dist-packages (0.38.0)
Requirement already satisfied: websockets in /usr/local/lib/python3.10/dist-packages (15.0.1)
Requirement already satisfied: flask-cors in /root/.local/lib/python3.10/site-packages (6.0.2)
Requirement already satisfied: psutil in /usr/local/lib/python3.10/dist-packages (7.1.3)
Requirement already satisfied: requests in /usr/local/lib/python3.10/dist-packages (2.32.5)
Requirement already satisfied: blinker>=1.9.0 in /root/.local/lib/python3.10/site-packages (from flask) (1.9.0)
Requirement already satisfied: click>=8.1.3 in /usr/local/lib/python3.10/dist-packages (from flask) (8.3.1)
Requirement already satisfied: itsdangerous>=2.2.0 in /usr/local/lib/python3.10/dist-packages (from flask) (2.2.0)
Requirement already satisfied: jinja2>=3.1.2 in /usr/local/lib/python3.10/dist-packages (from flask) (3.1.6)
Requirement already satisfied: markupsafe>=2.1.1 in /usr/local/lib/python3.10/dist-packages (from flask) (3.0.3)
Requirement already satisfied: werkzeug>=3.1.0 in /usr/local/lib/python3.10/dist-packages (from flask) (3.1.4)
Requirement already satisfied: starlette<0.51.0,>=0.40.0 in /usr/local/lib/python3.10/dist-packages (from fastapi) (0.50.0)
Requirement already satisfied: pydantic!=1.8,!=1.8.1,!=2.0.0,!=2.0.1,!=2.1.0,<3.0.0,>=1.7.4 in /usr/local/lib/python3.10/dist-packages (from fastapi) (2.12.5)
Requirement already satisfied: typing-extensions>=4.8.0 in /usr/local/lib/python3.10/dist-packages (from fastapi) (4.15.0)
Requirement already satisfied: annotated-doc>=0.0.2 in /usr/local/lib/python3.10/dist-packages (from fastapi) (0.0.4)
Requirement already satisfied: annotated-types>=0.6.0 in /usr/local/lib/python3.10/dist-packages (from pydantic!=1.8,!=1.8.1,!=2.0.0,!=2.0.1,!=2.1.0,<3.0.0,>=1.7.4->fastapi) (0.7.0)
Requirement already satisfied: pydantic-core==2.41.5 in /usr/local/lib/python3.10/dist-packages (from pydantic!=1.8,!=1.8.1,!=2.0.0,!=2.0.1,!=2.1.0,<3.0.0,>=1.7.4->fastapi) (2.41.5)
Requirement already satisfied: typing-inspection>=0.4.2 in /usr/local/lib/python3.10/dist-packages (from pydantic!=1.8,!=1.8.1,!=2.0.0,!=2.0.1,!=2.1.0,<3.0.0,>=1.7.4->fastapi) (0.4.2)
Requirement already satisfied: anyio<5,>=3.6.2 in /usr/local/lib/python3.10/dist-packages (from starlette<0.51.0,>=0.40.0->fastapi) (4.12.0)
Requirement already satisfied: exceptiongroup>=1.0.2 in /usr/local/lib/python3.10/dist-packages (from anyio<5,>=3.6.2->starlette<0.51.0,>=0.40.0->fastapi) (1.3.1)
Requirement already satisfied: idna>=2.8 in /usr/local/lib/python3.10/dist-packages (from anyio<5,>=3.6.2->starlette<0.51.0,>=0.40.0->fastapi) (3.11)
Requirement already satisfied: h11>=0.8 in /usr/local/lib/python3.10/dist-packages (from uvicorn) (0.16.0)
Requirement already satisfied: charset_normalizer<4,>=2 in /usr/local/lib/python3.10/dist-packages (from requests) (3.4.4)
Requirement already satisfied: urllib3<3,>=1.21.1 in /usr/lib/python3/dist-packages (from requests) (1.26.5)
Requirement already satisfied: certifi>=2017.4.17 in /usr/local/lib/python3.10/dist-packages (from requests) (2025.11.12)
WARNING: Running pip as the 'root' user can result in broken permissions and conflicting behaviour with the system package manager, possibly rendering your system unusable. It is recommended to use a virtual environment instead: https://pip.pypa.io/warnings/venv. Use the --root-user-action option if you know what you are doing and want to suppress this warning.
